2026-03-08 20:26:36 | INFO     | train | =======================================================
2026-03-08 20:26:36 | INFO     | train |   NOTAM Classification — Training Pipeline
2026-03-08 20:26:36 | INFO     | train | =======================================================
2026-03-08 20:26:36 | INFO     | train | Project : notam-classification v1.0.0
2026-03-08 20:26:36 | INFO     | src.pipeline.training_pipeline | [Pipeline] Starting training pipeline | tune=False
2026-03-08 20:26:36 | INFO     | src.pipeline.training_pipeline | [Step 1/5] Loading data...
2026-03-08 20:26:36 | INFO     | src.pipeline.training_pipeline | [Step 2/5] Building features...
2026-03-08 20:26:37 | INFO     | src.pipeline.training_pipeline | [Features] Shape: (1047, 275) | Classes: ['AERODROME_PROCEDURE', 'AIRSPACE_RESTRICTION', 'LIGHTING', 'NAVIGATION_AID', 'OBSTACLE', 'RUNWAY_CLOSURE']
2026-03-08 20:26:37 | INFO     | src.pipeline.training_pipeline | [Step 3/5] Training (no tuning)...
2026-03-08 20:26:38 | INFO     | src.pipeline.training_pipeline | [Train] Done in 1.3s | params={'C': 1.0}
2026-03-08 20:26:38 | INFO     | src.pipeline.training_pipeline | [Step 4/5] Evaluating on test set...
2026-03-08 20:26:42 | INFO     | src.pipeline.training_pipeline | [Eval] F1-macro=1.0000 | Accuracy=1.0000
2026-03-08 20:26:42 | INFO     | src.pipeline.training_pipeline | [Step 5/5] Saving artifacts...
2026-03-08 20:26:42 | INFO     | src.pipeline.training_pipeline | [Save] Model → data\processed\models\best_model.pkl
2026-03-08 20:26:42 | INFO     | src.pipeline.training_pipeline | [Save] Metadata → data\processed\models\model_metadata.json
2026-03-08 20:26:42 | INFO     | src.pipeline.training_pipeline | 
═══════════════════════════════════════════════════════
  ✅ PIPELINE COMPLETE — LinearSVC_Default
═══════════════════════════════════════════════════════
  CV  F1-macro  : 0.9194 ± 0.0520
  Test F1-macro : 1.0000
  Test Accuracy : 1.0000
  Train time    : 1.3s
═══════════════════════════════════════════════════════
2026-03-08 20:26:42 | INFO     | train | ✅ Training complete!
2026-03-08 20:26:42 | INFO     | train |    Model     : LinearSVC_Default
2026-03-08 20:26:42 | INFO     | train |    F1-macro  : 1.0000
2026-03-08 20:26:42 | INFO     | train |    Accuracy  : 1.0000
2026-03-08 20:30:09 | INFO     | run_experiment | ============================================================
2026-03-08 20:30:09 | INFO     | run_experiment |   NOTAM Classification — MLflow Experiment
2026-03-08 20:30:09 | INFO     | run_experiment | ============================================================
2026-03-08 20:30:09 | INFO     | run_experiment |   Project  : notam-classification v1.0.0
2026-03-08 20:30:09 | INFO     | run_experiment |   Tune     : False
2026-03-08 20:30:09 | INFO     | src.pipeline.training_pipeline | [Pipeline] Starting training pipeline | tune=False
2026-03-08 20:30:09 | INFO     | src.pipeline.training_pipeline | [Step 1/5] Loading data...
2026-03-08 20:30:09 | INFO     | src.pipeline.training_pipeline | [Step 2/5] Building features...
2026-03-08 20:30:10 | INFO     | src.pipeline.training_pipeline | [Features] Shape: (1047, 275) | Classes: ['AERODROME_PROCEDURE', 'AIRSPACE_RESTRICTION', 'LIGHTING', 'NAVIGATION_AID', 'OBSTACLE', 'RUNWAY_CLOSURE']
2026-03-08 20:30:10 | INFO     | src.pipeline.training_pipeline | [Step 3/5] Training (no tuning)...
2026-03-08 20:30:11 | INFO     | src.pipeline.training_pipeline | [Train] Done in 1.1s | params={'C': 1.0}
2026-03-08 20:30:11 | INFO     | src.pipeline.training_pipeline | [Step 4/5] Evaluating on test set...
2026-03-08 20:30:16 | INFO     | src.pipeline.training_pipeline | [Eval] F1-macro=1.0000 | Accuracy=1.0000
2026-03-08 20:30:16 | INFO     | src.pipeline.training_pipeline | [Step 5/5] Saving artifacts...
2026-03-08 20:30:16 | INFO     | src.pipeline.training_pipeline | [Save] Model → data\processed\models\best_model.pkl
2026-03-08 20:30:16 | INFO     | src.pipeline.training_pipeline | [Save] Metadata → data\processed\models\model_metadata.json
2026-03-08 20:30:16 | INFO     | src.pipeline.training_pipeline | 
═══════════════════════════════════════════════════════
  ✅ PIPELINE COMPLETE — LinearSVC_Default
═══════════════════════════════════════════════════════
  CV  F1-macro  : 0.9194 ± 0.0520
  Test F1-macro : 1.0000
  Test Accuracy : 1.0000
  Train time    : 1.1s
═══════════════════════════════════════════════════════
2026-03-08 20:30:18 | INFO     | src.tracking.mlflow_tracker | [MLflow] ✅ Connected → http://localhost:5000
2026-03-08 20:30:18 | INFO     | src.tracking.mlflow_tracker | [MLflow] Created experiment: notam-classification
2026-03-08 20:30:19 | INFO     | src.tracking.mlflow_tracker | [MLflow] Run started → f56abada8c54...
2026-03-08 20:30:27 | INFO     | src.tracking.mlflow_tracker | [MLflow] Model logged → artifact_path=model
2026-03-08 20:30:27 | INFO     | src.tracking.mlflow_tracker | [MLflow] Feature pipeline logged → data/processed/feature_pipeline.pkl
2026-03-08 20:30:28 | INFO     | src.tracking.mlflow_tracker | [MLflow] Confusion matrix logged
2026-03-08 20:30:28 | INFO     | src.tracking.mlflow_tracker | [MLflow] ✅ Full run logged → run_id=f56abada8c5445bab1f7beaf7dcf9ece
2026-03-08 20:30:28 | WARNING  | src.tracking.database | [DB] PostgreSQL unavailable ('utf-8' codec can't decode byte 0xe9 in position 103: invalid continuation byte), falling back to SQLite
2026-03-08 20:30:28 | INFO     | src.tracking.database | [DB] ✅ Connected to SQLite → data\processed\notam_dev.db
2026-03-08 20:30:28 | INFO     | src.tracking.database | [DB] Tables initialized
2026-03-08 20:30:28 | INFO     | src.tracking.database | [DB] Experiment run saved → id=1
2026-03-08 20:30:28 | INFO     | run_experiment | 
============================================================
2026-03-08 20:30:28 | INFO     | run_experiment |   ✅ Experiment Complete
2026-03-08 20:30:28 | INFO     | run_experiment | ============================================================
2026-03-08 20:30:28 | INFO     | run_experiment |   MLflow Run ID : f56abada8c5445bab1f7beaf7dcf9ece
2026-03-08 20:30:28 | INFO     | run_experiment |   Model         : LinearSVC_Default
2026-03-08 20:30:28 | INFO     | run_experiment |   F1-macro      : 1.0000
2026-03-08 20:30:28 | INFO     | run_experiment |   Accuracy      : 1.0000
2026-03-08 20:30:28 | INFO     | run_experiment |   MLflow UI     : http://localhost:5000
2026-03-08 20:37:19 | INFO     | src.api.main | =======================================================
2026-03-08 20:37:19 | INFO     | src.api.main |   🚀 Starting notam-classification API v1.0.0
2026-03-08 20:37:19 | INFO     | src.api.main | =======================================================
2026-03-08 20:37:19 | INFO     | src.pipeline.inference_pipeline | [Inference] Loading artifacts...
2026-03-08 20:37:21 | INFO     | src.pipeline.inference_pipeline | [Inference] ✅ Ready | Classes: ['AERODROME_PROCEDURE', 'AIRSPACE_RESTRICTION', 'LIGHTING', 'NAVIGATION_AID', 'OBSTACLE', 'RUNWAY_CLOSURE']
2026-03-08 20:37:22 | WARNING  | src.tracking.database | [DB] PostgreSQL unavailable ('utf-8' codec can't decode byte 0xe9 in position 103: invalid continuation byte), falling back to SQLite
2026-03-08 20:37:22 | INFO     | src.tracking.database | [DB] ✅ Connected to SQLite → data\processed\notam_dev.db
2026-03-08 20:37:22 | INFO     | src.tracking.database | [DB] Tables initialized
2026-03-08 20:37:22 | INFO     | src.api.main | [Startup] ✅ Model and DB loaded
2026-03-08 21:02:31 | INFO     | src.api.main | =======================================================
2026-03-08 21:02:31 | INFO     | src.api.main |   🚀 Starting notam-classification API v1.0.0
2026-03-08 21:02:31 | INFO     | src.api.main | =======================================================
2026-03-08 21:02:31 | INFO     | src.pipeline.inference_pipeline | [Inference] Loading artifacts...
2026-03-08 21:02:31 | INFO     | src.pipeline.inference_pipeline | [Inference] ✅ Ready | Classes: ['AERODROME_PROCEDURE', 'AIRSPACE_RESTRICTION', 'LIGHTING', 'NAVIGATION_AID', 'OBSTACLE', 'RUNWAY_CLOSURE']
2026-03-08 21:02:32 | WARNING  | src.tracking.database | [DB] PostgreSQL unavailable ('utf-8' codec can't decode byte 0xe9 in position 103: invalid continuation byte), falling back to SQLite
2026-03-08 21:02:32 | INFO     | src.tracking.database | [DB] ✅ Connected to SQLite → data\processed\notam_dev.db
2026-03-08 21:02:32 | INFO     | src.tracking.database | [DB] Tables initialized
2026-03-08 21:02:32 | INFO     | src.api.main | [Startup] ✅ Model and DB loaded
2026-03-08 21:02:32 | WARNING  | src.api.routers.classify | [API] Low confidence: 59.34% < 60% for text: ILS RWY 28R NOT AVAILABLE...
2026-03-08 21:02:32 | INFO     | src.api.routers.classify | [API] Batch: 3 NOTAMs classified in 64.2ms
2026-03-08 21:02:32 | INFO     | src.api.routers.classify | [API] Batch: 3 NOTAMs classified in 60.8ms
2026-03-08 21:02:32 | INFO     | src.api.routers.classify | [API] Batch: 2 NOTAMs classified in 36.3ms
2026-03-08 21:02:33 | INFO     | src.api.main | [Shutdown] API shutting down...
2026-03-08 21:09:40 | INFO     | src.api.main | =======================================================
2026-03-08 21:09:40 | INFO     | src.api.main |   🚀 Starting notam-classification API v1.0.0
2026-03-08 21:09:40 | INFO     | src.api.main | =======================================================
2026-03-08 21:09:40 | INFO     | src.pipeline.inference_pipeline | [Inference] Loading artifacts...
2026-03-08 21:09:40 | INFO     | src.pipeline.inference_pipeline | [Inference] ✅ Ready | Classes: ['AERODROME_PROCEDURE', 'AIRSPACE_RESTRICTION', 'LIGHTING', 'NAVIGATION_AID', 'OBSTACLE', 'RUNWAY_CLOSURE']
2026-03-08 21:09:40 | WARNING  | src.tracking.database | [DB] PostgreSQL unavailable ('utf-8' codec can't decode byte 0xe9 in position 103: invalid continuation byte), falling back to SQLite
2026-03-08 21:09:40 | INFO     | src.tracking.database | [DB] ✅ Connected to SQLite → data\processed\notam_dev.db
2026-03-08 21:09:40 | INFO     | src.tracking.database | [DB] Tables initialized
2026-03-08 21:09:40 | INFO     | src.api.main | [Startup] ✅ Model and DB loaded
2026-03-08 21:09:40 | WARNING  | src.api.routers.classify | [API] Low confidence: 59.34% < 60% for text: ILS RWY 28R NOT AVAILABLE...
2026-03-08 21:09:40 | INFO     | src.api.routers.classify | [API] Batch: 3 NOTAMs classified in 65.5ms
2026-03-08 21:09:41 | INFO     | src.api.routers.classify | [API] Batch: 3 NOTAMs classified in 58.2ms
2026-03-08 21:09:41 | INFO     | src.api.routers.classify | [API] Batch: 2 NOTAMs classified in 35.0ms
2026-03-08 21:09:41 | INFO     | src.api.main | [Shutdown] API shutting down...
2026-03-08 21:21:18 | INFO     | src.api.main | =======================================================
2026-03-08 21:21:18 | INFO     | src.api.main |   🚀 Starting notam-classification API v1.0.0
2026-03-08 21:21:18 | INFO     | src.api.main | =======================================================
2026-03-08 21:21:18 | INFO     | src.pipeline.inference_pipeline | [Inference] Loading artifacts...
2026-03-08 21:21:18 | INFO     | src.pipeline.inference_pipeline | [Inference] ✅ Ready | Classes: ['AERODROME_PROCEDURE', 'AIRSPACE_RESTRICTION', 'LIGHTING', 'NAVIGATION_AID', 'OBSTACLE', 'RUNWAY_CLOSURE']
2026-03-08 21:21:18 | WARNING  | src.tracking.database | [DB] PostgreSQL unavailable ('utf-8' codec can't decode byte 0xe9 in position 103: invalid continuation byte), falling back to SQLite
2026-03-08 21:21:18 | INFO     | src.tracking.database | [DB] ✅ Connected to SQLite → data\processed\notam_dev.db
2026-03-08 21:21:18 | INFO     | src.tracking.database | [DB] Tables initialized
2026-03-08 21:21:18 | INFO     | src.api.main | [Startup] ✅ Model and DB loaded
2026-03-08 21:21:18 | WARNING  | src.api.routers.classify | [API] Low confidence: 59.34% < 60% for text: ILS RWY 28R NOT AVAILABLE...
2026-03-08 21:21:18 | INFO     | src.api.routers.classify | [API] Batch: 3 NOTAMs classified in 61.4ms
2026-03-08 21:21:18 | INFO     | src.api.routers.classify | [API] Batch: 3 NOTAMs classified in 62.8ms
2026-03-08 21:21:18 | INFO     | src.api.routers.classify | [API] Batch: 2 NOTAMs classified in 41.2ms
2026-03-08 21:21:19 | INFO     | src.api.main | [Shutdown] API shutting down...
2026-03-08 21:39:16 | INFO     | monitoring | =======================================================
2026-03-08 21:39:16 | INFO     | monitoring |   NOTAM Classification — Drift Monitoring
2026-03-08 21:39:16 | INFO     | monitoring | =======================================================
2026-03-08 21:39:16 | INFO     | src.monitoring.drift_detector | [Drift] Reference loaded → 2400 rows, features: ['char_count', 'word_count', 'upper_ratio', 'digit_ratio', 'slash_count', 'has_coordinates']
2026-03-08 21:39:16 | INFO     | monitoring | Production data: 200 rows (no drift)
2026-03-08 21:41:33 | INFO     | monitoring | =======================================================
2026-03-08 21:41:33 | INFO     | monitoring |   NOTAM Classification — Drift Monitoring
2026-03-08 21:41:33 | INFO     | monitoring | =======================================================
2026-03-08 21:41:33 | INFO     | src.monitoring.drift_detector | [Drift] Reference loaded → 2400 rows, features: ['char_count', 'word_count', 'upper_ratio', 'digit_ratio', 'slash_count', 'has_coordinates']
2026-03-08 21:41:33 | INFO     | monitoring | Production data: 200 rows (no drift)
2026-03-08 21:41:35 | INFO     | src.monitoring.drift_detector | [Drift] Report saved → reports\drift\drift_report_20260308_214134.html
2026-03-08 21:41:35 | INFO     | src.monitoring.drift_detector | [Drift] Metrics: {'dataset_drift': True, 'drift_share': 0.8571428571428571, 'n_drifted': 6, 'n_features': 6, 'timestamp': '2026-03-09T01:41:35.850646'}
2026-03-08 21:41:35 | INFO     | monitoring | Drift metrics: {'dataset_drift': True, 'drift_share': 0.8571428571428571, 'n_drifted': 6, 'n_features': 6, 'timestamp': '2026-03-09T01:41:35.850646'}
2026-03-08 21:41:36 | INFO     | src.monitoring.drift_detector | [Drift] Test suite saved → reports\drift\test_suite_20260308_214136.html
2026-03-08 21:41:36 | INFO     | src.monitoring.drift_detector | [Drift] Test suite: 1/10 passed
2026-03-08 21:41:36 | INFO     | monitoring | Test suite: {'passed': 1, 'failed': 9, 'total': 10, 'pass_rate': 0.1, 'alert': True}
2026-03-08 21:41:36 | WARNING  | src.monitoring.drift_detector | [Drift] ⚠️  ALERT — Data drift detected! drift_share=86%
2026-03-08 21:41:36 | INFO     | monitoring | 
=======================================================
2026-03-08 21:41:36 | INFO     | monitoring |   📊 MONITORING SUMMARY
2026-03-08 21:41:36 | INFO     | monitoring | =======================================================
2026-03-08 21:41:36 | INFO     | monitoring |   Dataset drift    : ⚠️  YES
2026-03-08 21:41:36 | INFO     | monitoring |   Drifted features : 6/6
2026-03-08 21:41:36 | INFO     | monitoring |   Drift share      : 86%
2026-03-08 21:41:36 | INFO     | monitoring |   Tests passed     : 1/10
2026-03-08 21:41:36 | INFO     | monitoring |   ALERT            : 🔴 YES
2026-03-08 21:41:36 | INFO     | monitoring | 
  Reports saved to : reports/drift/
2026-03-08 21:41:48 | INFO     | monitoring | =======================================================
2026-03-08 21:41:48 | INFO     | monitoring |   NOTAM Classification — Drift Monitoring
2026-03-08 21:41:48 | INFO     | monitoring | =======================================================
2026-03-08 21:41:48 | INFO     | src.monitoring.drift_detector | [Drift] Reference loaded → 2400 rows, features: ['char_count', 'word_count', 'upper_ratio', 'digit_ratio', 'slash_count', 'has_coordinates']
2026-03-08 21:41:48 | WARNING  | src.monitoring.drift_detector | [Drift] Generating DRIFTED production data
2026-03-08 21:41:48 | INFO     | monitoring | Production data: 200 rows (WITH drift)
2026-03-08 21:41:49 | INFO     | src.monitoring.drift_detector | [Drift] Report saved → reports\drift\drift_report_20260308_214148.html
2026-03-08 21:41:49 | INFO     | src.monitoring.drift_detector | [Drift] Metrics: {'dataset_drift': True, 'drift_share': 1.0, 'n_drifted': 7, 'n_features': 6, 'timestamp': '2026-03-09T01:41:49.668262'}
2026-03-08 21:41:49 | INFO     | monitoring | Drift metrics: {'dataset_drift': True, 'drift_share': 1.0, 'n_drifted': 7, 'n_features': 6, 'timestamp': '2026-03-09T01:41:49.668262'}
2026-03-08 21:41:50 | INFO     | src.monitoring.drift_detector | [Drift] Test suite saved → reports\drift\test_suite_20260308_214149.html
2026-03-08 21:41:50 | INFO     | src.monitoring.drift_detector | [Drift] Test suite: 0/10 passed
2026-03-08 21:41:50 | INFO     | monitoring | Test suite: {'passed': 0, 'failed': 10, 'total': 10, 'pass_rate': 0.0, 'alert': True}
2026-03-08 21:41:50 | WARNING  | src.monitoring.drift_detector | [Drift] ⚠️  ALERT — Data drift detected! drift_share=100%
2026-03-08 21:41:50 | INFO     | monitoring | 
=======================================================
2026-03-08 21:41:50 | INFO     | monitoring |   📊 MONITORING SUMMARY
2026-03-08 21:41:50 | INFO     | monitoring | =======================================================
2026-03-08 21:41:50 | INFO     | monitoring |   Dataset drift    : ⚠️  YES
2026-03-08 21:41:50 | INFO     | monitoring |   Drifted features : 7/6
2026-03-08 21:41:50 | INFO     | monitoring |   Drift share      : 100%
2026-03-08 21:41:50 | INFO     | monitoring |   Tests passed     : 0/10
2026-03-08 21:41:50 | INFO     | monitoring |   ALERT            : 🔴 YES
2026-03-08 21:41:50 | INFO     | monitoring | 
  Reports saved to : reports/drift/
2026-03-08 22:13:22 | INFO     | monitoring | =======================================================
2026-03-08 22:13:22 | INFO     | monitoring |   NOTAM Classification — Drift Monitoring
2026-03-08 22:13:22 | INFO     | monitoring | =======================================================
2026-03-08 22:13:22 | INFO     | src.monitoring.drift_detector | [Drift] Reference loaded → 2400 rows, features: ['char_count', 'word_count', 'upper_ratio', 'digit_ratio', 'slash_count', 'has_coordinates']
2026-03-08 22:13:23 | INFO     | monitoring | Production data: 500 rows (no drift)
2026-03-08 22:13:24 | INFO     | src.monitoring.drift_detector | [Drift] Report saved → reports\drift\drift_report_20260308_221323.html
2026-03-08 22:13:24 | INFO     | src.monitoring.drift_detector | [Drift] Metrics: {'dataset_drift': True, 'drift_share': 0.8571428571428571, 'n_drifted': 6, 'n_features': 6, 'timestamp': '2026-03-09T02:13:24.121806'}
2026-03-08 22:13:24 | INFO     | monitoring | Drift metrics: {'dataset_drift': True, 'drift_share': 0.8571428571428571, 'n_drifted': 6, 'n_features': 6, 'timestamp': '2026-03-09T02:13:24.121806'}
2026-03-08 22:13:24 | INFO     | src.monitoring.drift_detector | [Drift] Test suite saved → reports\drift\test_suite_20260308_221324.html
2026-03-08 22:13:24 | INFO     | src.monitoring.drift_detector | [Drift] Test suite: 1/10 passed
2026-03-08 22:13:24 | INFO     | monitoring | Test suite: {'passed': 1, 'failed': 9, 'total': 10, 'pass_rate': 0.1, 'alert': True}
2026-03-08 22:13:24 | WARNING  | src.monitoring.drift_detector | [Drift] ⚠️  ALERT — Data drift detected! drift_share=86%
2026-03-08 22:13:24 | INFO     | monitoring | 
=======================================================
2026-03-08 22:13:24 | INFO     | monitoring |   📊 MONITORING SUMMARY
2026-03-08 22:13:24 | INFO     | monitoring | =======================================================
2026-03-08 22:13:24 | INFO     | monitoring |   Dataset drift    : ⚠️  YES
2026-03-08 22:13:24 | INFO     | monitoring |   Drifted features : 6/6
2026-03-08 22:13:24 | INFO     | monitoring |   Drift share      : 86%
2026-03-08 22:13:24 | INFO     | monitoring |   Tests passed     : 1/10
2026-03-08 22:13:24 | INFO     | monitoring |   ALERT            : 🔴 YES
2026-03-08 22:13:24 | INFO     | monitoring | 
  Reports saved to : reports/drift/
2026-03-08 22:14:24 | INFO     | src.monitoring.drift_detector | [Drift] Reference loaded → 2400 rows, features: ['char_count', 'word_count', 'upper_ratio', 'digit_ratio', 'slash_count', 'has_coordinates']
2026-03-08 22:14:25 | INFO     | src.monitoring.drift_detector | [Drift] Report saved → reports\drift\drift_report_20260308_221425.html
2026-03-08 22:14:25 | INFO     | src.monitoring.drift_detector | [Drift] Metrics: {'dataset_drift': True, 'drift_share': 0.8571428571428571, 'n_drifted': 6, 'n_features': 6, 'timestamp': '2026-03-09T02:14:25.711978'}
2026-03-08 22:14:26 | INFO     | src.monitoring.drift_detector | [Drift] Test suite saved → reports\drift\test_suite_20260308_221425.html
2026-03-08 22:14:26 | INFO     | src.monitoring.drift_detector | [Drift] Test suite: 1/10 passed
2026-03-08 22:14:26 | WARNING  | src.monitoring.drift_detector | [Drift] ⚠️  ALERT — Data drift detected! drift_share=86%
2026-03-08 22:25:46 | INFO     | src.monitoring.drift_detector | [Drift] Reference loaded → 2400 rows, features: ['char_count', 'word_count', 'upper_ratio', 'digit_ratio', 'slash_count', 'has_coordinates']
2026-03-08 22:25:47 | INFO     | src.monitoring.drift_detector | [Drift] Report saved → reports\drift\drift_report_20260308_222547.html
2026-03-08 22:25:47 | INFO     | src.monitoring.drift_detector | [Drift] Metrics: {'dataset_drift': True, 'drift_share': 0.8571428571428571, 'n_drifted': 6, 'n_features': 6, 'timestamp': '2026-03-09T02:25:47.539019'}
2026-03-08 22:25:47 | INFO     | src.monitoring.drift_detector | [Drift] Test suite saved → reports\drift\test_suite_20260308_222547.html
2026-03-08 22:25:47 | INFO     | src.monitoring.drift_detector | [Drift] Test suite: 1/10 passed
2026-03-08 22:25:47 | WARNING  | src.monitoring.drift_detector | [Drift] ⚠️  ALERT — Data drift detected! drift_share=86%
